-- generated by hosc0 from fusionExamples/matrix2.in

data List a = Nil  | Cons a (List a);
data Bool  = True  | False ;
data Tuple3 a b c = T3 a b c;
data Tuple2 a b = T2 a b;
data Nat  = Z  | S Nat;

(letrec
  g1=(\s314->
    (\t314->
      case  s314  of {
        Cons r185 p135 ->
          case  r185  of {
            T3 x10 z295 s145 ->
              (letrec
                h1=(\x315->
                  (\y315->
                    case  x315  of {
                      Cons y217 s305 ->
                        case  y217  of {
                          T3 p127 r264 y252 ->
                            (letrec
                              f2=(\z315->
                                (\u315->
                                  case  z315  of {
                                    S p113 -> case  u315  of { S p172 -> ((f2 p113) p172); Z  -> ((h1 s305) y315); };
                                    Z  ->
                                      case  u315  of {
                                        S z168 -> ((h1 s305) y315);
                                        Z  ->
                                          (letrec
                                            g2=(\v315->
                                              (\w315->
                                                (\p315->
                                                  case  v315  of {
                                                    Cons p276 y163 ->
                                                      case  p276  of {
                                                        T3 z265 u262 r140 ->
                                                          (letrec
                                                            h2=(\r315->
                                                              (\s315->
                                                                case  r315  of {
                                                                  S y205 ->
                                                                    case  s315  of {
                                                                      S s76 -> ((h2 y205) s76);
                                                                      Z  ->
                                                                        (Cons
                                                                          (T3 z265 u262 r140)
                                                                          (((g2 y163) w315) p315));
                                                                    };
                                                                  Z  ->
                                                                    case  s315  of {
                                                                      S y4 ->
                                                                        (Cons
                                                                          (T3 z265 u262 r140)
                                                                          (((g2 y163) w315) p315));
                                                                      Z  ->
                                                                        (letrec
                                                                          f3=(\t315->
                                                                            (\x316->
                                                                              case  t315  of {
                                                                                S r120 ->
                                                                                  case  x316  of {
                                                                                    S u17 -> ((f3 r120) u17);
                                                                                    Z  ->
                                                                                      (Cons
                                                                                        (T3 z265 u262 r140)
                                                                                        (((g2 y163) w315) p315));
                                                                                  };
                                                                                Z  ->
                                                                                  case  x316  of {
                                                                                    S s170 ->
                                                                                      (Cons
                                                                                        (T3 z265 u262 r140)
                                                                                        (((g2 y163) w315) p315));
                                                                                    Z  ->
                                                                                      (Cons
                                                                                        (T3
                                                                                          p315
                                                                                          w315
                                                                                          ((pls ((mlt s145) y252))
                                                                                            r140))
                                                                                        y163);
                                                                                  };
                                                                              }))
                                                                        in
                                                                          ((f3 w315) u262));
                                                                    };
                                                                }))
                                                          in
                                                            ((h2 p315) z265));
                                                      };
                                                    Nil  -> (Cons (T3 p315 w315 ((mlt s145) y252)) Nil);
                                                  })))
                                          in
                                            (((g2 ((h1 s305) y315)) r264) x10));
                                      };
                                  }))
                            in
                              ((f2 y315) p127));
                        };
                      Nil  -> ((g1 p135) t314);
                    }))
              in
                ((h1 t314) z295));
          };
        Nil  -> Nil;
      }))
in
  ((g1
      (letrec
        f=(\y314->
          case  y314  of {
            Nil  -> m3;
            Cons y124 v35 ->
              (letrec
                g=(\z314->
                  (\u314->
                    case  z314  of {
                      Cons x113 t227 ->
                        case  u314  of {
                          T3 p166 y113 t67 ->
                            case  x113  of {
                              T3 z131 u202 r211 ->
                                (letrec
                                  h=(\v314->
                                    (\w314->
                                      case  v314  of {
                                        S x314 ->
                                          case  w314  of {
                                            S v58 -> ((h x314) v58);
                                            Z  -> (Cons (T3 z131 u202 r211) ((g t227) (T3 p166 y113 t67)));
                                          };
                                        Z  ->
                                          case  w314  of {
                                            S w156 -> (Cons (T3 z131 u202 r211) ((g t227) (T3 p166 y113 t67)));
                                            Z  ->
                                              (letrec
                                                f1=(\p314->
                                                  (\r314->
                                                    case  p314  of {
                                                      S u304 ->
                                                        case  r314  of {
                                                          S x127 -> ((f1 u304) x127);
                                                          Z  ->
                                                            (Cons (T3 z131 u202 r211) ((g t227) (T3 p166 y113 t67)));
                                                        };
                                                      Z  ->
                                                        case  r314  of {
                                                          S y48 ->
                                                            (Cons (T3 z131 u202 r211) ((g t227) (T3 p166 y113 t67)));
                                                          Z  -> (Cons (T3 p166 y113 ((pls t67) r211)) t227);
                                                        };
                                                    }))
                                              in
                                                ((f1 y113) u202));
                                          };
                                      }))
                                in
                                  ((h p166) z131));
                            };
                        };
                      Nil  -> (Cons u314 Nil);
                    }))
              in
                ((g (f v35)) y124));
          })
      in
        (f m2)))
    m1))
